
DEBUG[user_check_myday.go:65] 2024/01/08 20:18:16 [{0 0 10}]
DEBUG[user_check_myday.go:65] 2024/01/08 20:20:26 [{0 0 10}]
DEBUG[user_check_myday.go:65] 2024/01/08 20:20:32 [{0 0 10}]
DEBUG[user_check_myday.go:65] 2024/01/08 20:22:36 [{0 0 10}]
DEBUG[user_check_myday.go:65] 2024/01/08 20:22:48 [{0 0 10}]
DEBUG[user_check_myday.go:65] 2024/01/08 20:23:11 [{0 0 10}]
DEBUG[user_check_myday.go:65] 2024/01/08 20:23:12 [{0 0 10}]
DEBUG[user_check_myday.go:65] 2024/01/08 20:25:06 [{0 0 10}]
DEBUG[user_check_myday.go:65] 2024/01/08 20:25:15 [{0 0 10}]
DEBUG[user_check_myday.go:65] 2024/01/08 20:28:07 [{ 0 0}]
INFO[user_check_myday.go:105] 2024/01/08 20:28:07 [strconv.Atoi: parsing "": invalid syntax]
DEBUG[user_check_myday.go:65] 2024/01/08 20:28:15 [{0 0 10}]
DEBUG[user_check_myday.go:65] 2024/01/08 20:29:23 [{0 0 10}]
DEBUG[user_check_myday.go:65] 2024/01/08 20:29:45 [{ 0 0}]
INFO[user_check_myday.go:105] 2024/01/08 20:29:45 [strconv.Atoi: parsing "": invalid syntax]
DEBUG[user_check_myday.go:65] 2024/01/08 20:31:38 [{0 0 10}]
INFO[user_check_myday.go:109] 2024/01/08 20:31:38 [{
 0 10}]
DEBUG[user_check_myday.go:65] 2024/01/08 20:31:52 [{0 0 10}]
INFO[user_check_myday.go:109] 2024/01/08 20:31:52 [{
 0 10}]
DEBUG[user_check_myday.go:64] 2024/01/08 20:37:50 [{0 0 10}]
INFO[user_check_myday.go:105] 2024/01/08 20:37:50 [{
 0 10}]
DEBUG[user_check_myday.go:64] 2024/01/08 20:38:11 [{
 0 10}]
INFO[user_check_myday.go:105] 2024/01/08 20:38:11 [{
 0 10}]
DEBUG[user_check_myday.go:64] 2024/01/08 20:38:28 [{
 0 10}]
INFO[user_check_myday.go:105] 2024/01/08 20:38:28 [{
 0 10}]
DEBUG[user_check_myday.go:65] 2024/01/08 20:42:25 [{0 0 10}]
INFO[user_check_myday.go:106] 2024/01/08 20:42:25 [{%!s(int=10) 0 10}]
DEBUG[user_check_myday.go:65] 2024/01/08 20:42:38 [{%!s(int=10) 0 10}]
INFO[user_check_myday.go:106] 2024/01/08 20:42:38 [{%!s(int=10) 0 10}]
DEBUG[user_check_myday.go:65] 2024/01/08 20:44:37 [{0 0 10}]
INFO[user_check_myday.go:106] 2024/01/08 20:44:38 [{10 0 10}]
DEBUG[user_check_myday.go:65] 2024/01/08 20:44:47 [{10 0 10}]
INFO[user_check_myday.go:106] 2024/01/08 20:44:47 [{11 0 10}]
DEBUG[user_check_myday.go:65] 2024/01/08 20:44:50 [{10 0 10}]
INFO[user_check_myday.go:106] 2024/01/08 20:44:50 [{11 0 10}]
DEBUG[user_check_myday.go:65] 2024/01/08 20:44:51 [{10 0 10}]
INFO[user_check_myday.go:106] 2024/01/08 20:44:51 [{11 0 10}]
DEBUG[user_check_myday.go:65] 2024/01/08 20:44:51 [{10 0 10}]
INFO[user_check_myday.go:106] 2024/01/08 20:44:51 [{11 0 10}]
DEBUG[user_check_myday.go:65] 2024/01/08 20:49:00 [{0 0 10}]
INFO[user_check_myday.go:106] 2024/01/08 20:49:01 [{10 0 10}]
