INFO[user.go:32] 2024/01/06 00:13:08 [{200 password not correct  }]
INFO[user.go:33] 2024/01/06 00:13:08 [ekreke]
INFO[user.go:34] 2024/01/06 00:13:08 [11111111]
INFO[user.go:32] 2024/01/06 00:13:23 [{200 login success !  }]
INFO[user.go:33] 2024/01/06 00:13:23 [ekreke]
INFO[user.go:34] 2024/01/06 00:13:23 [123]
INFO[user_login_service.go:25] 2024/01/06 00:13:34 [record not found]
INFO[user.go:32] 2024/01/06 00:13:34 [{10001 password not correct  }]
INFO[user.go:33] 2024/01/06 00:13:34 [ekrekee]
INFO[user.go:34] 2024/01/06 00:13:34 [123]
INFO[user_login_service.go:25] 2024/01/06 00:14:50 [record not found]
INFO[user.go:32] 2024/01/06 00:14:50 [{10001 user not exist  }]
INFO[user.go:33] 2024/01/06 00:14:50 [ekrekee]
INFO[user.go:34] 2024/01/06 00:14:50 [123]
INFO[user_login_service.go:25] 2024/01/06 00:15:57 [record not found]
INFO[user.go:32] 2024/01/06 00:15:57 [{10001 user not exist user not exist }]
INFO[user.go:33] 2024/01/06 00:15:57 [ekrekee]
INFO[user.go:34] 2024/01/06 00:15:57 [123]
INFO[user.go:32] 2024/01/06 00:16:07 [{200 login success ! ok }]
INFO[user.go:33] 2024/01/06 00:16:07 [ekreke]
INFO[user.go:34] 2024/01/06 00:16:07 [123]
INFO[user.go:32] 2024/01/06 00:16:12 [{200 password not correct ok }]
INFO[user.go:33] 2024/01/06 00:16:12 [ekreke]
INFO[user.go:34] 2024/01/06 00:16:12 [1231]
INFO[user_login_service.go:25] 2024/01/06 00:16:41 [record not found]
INFO[user.go:32] 2024/01/06 00:16:41 [{10001 user not exist user not exist }]
INFO[user.go:33] 2024/01/06 00:16:41 [ekrekee]
INFO[user.go:34] 2024/01/06 00:16:41 [1231]
INFO[user_login_service.go:25] 2024/01/06 00:19:31 [record not found]
INFO[user.go:32] 2024/01/06 00:19:31 [{10001 user not exist user not exist }]
INFO[user.go:33] 2024/01/06 00:19:31 [ekrekee]
INFO[user.go:34] 2024/01/06 00:19:31 [1231]
INFO[user.go:32] 2024/01/06 00:19:41 [{200 login success ! ok }]
INFO[user.go:33] 2024/01/06 00:19:41 [ekreke]
INFO[user.go:34] 2024/01/06 00:19:41 [123]
